2025-01-19T21:26:11+0000 [-] Reading configuration from ['/cowrie/cowrie-git/etc/cowrie.cfg.dist']
2025-01-19T21:26:11+0000 [-] Python Version 3.11.2 (main, Sep 14 2024, 03:00:30) [GCC 12.2.0]
2025-01-19T21:26:11+0000 [-] Twisted Version 24.10.0
2025-01-19T21:26:11+0000 [-] Cowrie Version 2.6.1
2025-01-19T21:26:11+0000 [-] Loaded output engine: jsonlog
2025-01-19T21:26:11+0000 [twisted.scripts._twistd_unix.UnixAppLogger#info] twistd 24.10.0 (/cowrie/cowrie-env/bin/python3 3.11.2) starting up.
2025-01-19T21:26:11+0000 [twisted.scripts._twistd_unix.UnixAppLogger#info] reactor class: twisted.internet.epollreactor.EPollReactor.
2025-01-19T21:26:11+0000 [-] CowrieSSHFactory starting on 2222
2025-01-19T21:26:11+0000 [cowrie.ssh.factory.CowrieSSHFactory#info] Starting factory <cowrie.ssh.factory.CowrieSSHFactory object at 0x7f1d9469b250>
2025-01-19T21:26:11+0000 [-] Generating new RSA keypair...
2025-01-19T21:26:11+0000 [-] Generating new ECDSA keypair...
2025-01-19T21:26:11+0000 [-] Generating new ed25519 keypair...
2025-01-19T21:26:11+0000 [-] Ready to accept SSH connections
2025-01-19T21:26:19+0000 [cowrie.ssh.factory.CowrieSSHFactory] No moduli, no diffie-hellman-group-exchange-sha1
2025-01-19T21:26:19+0000 [cowrie.ssh.factory.CowrieSSHFactory] No moduli, no diffie-hellman-group-exchange-sha256
2025-01-19T21:26:19+0000 [cowrie.ssh.factory.CowrieSSHFactory] New connection: 10.88.0.8:49708 (10.88.0.8:2222) [session: 7c3d9749c804]
2025-01-19T21:26:19+0000 [HoneyPotSSHTransport,0,10.88.0.8] Remote SSH version: SSH-2.0-OpenSSH_for_Windows_9.5
2025-01-19T21:26:19+0000 [HoneyPotSSHTransport,0,10.88.0.8] SSH client hassh fingerprint: 701158e75b508e76f0410d5d22ef9df0
2025-01-19T21:26:19+0000 [cowrie.ssh.transport.HoneyPotSSHTransport#debug] kex alg=b'curve25519-sha256' key alg=b'ssh-ed25519'
2025-01-19T21:26:19+0000 [cowrie.ssh.transport.HoneyPotSSHTransport#debug] outgoing: b'aes128-ctr' b'hmac-sha2-256' b'none'
2025-01-19T21:26:19+0000 [cowrie.ssh.transport.HoneyPotSSHTransport#debug] incoming: b'aes128-ctr' b'hmac-sha2-256' b'none'
2025-01-19T21:26:19+0000 [cowrie.ssh.transport.HoneyPotSSHTransport#info] connection lost
2025-01-19T21:26:19+0000 [HoneyPotSSHTransport,0,10.88.0.8] Connection lost after 0.1 seconds
2025-01-19T21:26:40+0000 [cowrie.ssh.factory.CowrieSSHFactory] No moduli, no diffie-hellman-group-exchange-sha1
2025-01-19T21:26:40+0000 [cowrie.ssh.factory.CowrieSSHFactory] No moduli, no diffie-hellman-group-exchange-sha256
2025-01-19T21:26:40+0000 [cowrie.ssh.factory.CowrieSSHFactory] New connection: 10.88.0.8:58646 (10.88.0.8:2222) [session: 86b66d9a237e]
2025-01-19T21:26:40+0000 [HoneyPotSSHTransport,1,10.88.0.8] Remote SSH version: SSH-2.0-OpenSSH_for_Windows_9.5
2025-01-19T21:26:40+0000 [HoneyPotSSHTransport,1,10.88.0.8] SSH client hassh fingerprint: 701158e75b508e76f0410d5d22ef9df0
2025-01-19T21:26:40+0000 [cowrie.ssh.transport.HoneyPotSSHTransport#debug] kex alg=b'curve25519-sha256' key alg=b'ssh-ed25519'
2025-01-19T21:26:40+0000 [cowrie.ssh.transport.HoneyPotSSHTransport#debug] outgoing: b'aes128-ctr' b'hmac-sha2-256' b'none'
2025-01-19T21:26:40+0000 [cowrie.ssh.transport.HoneyPotSSHTransport#debug] incoming: b'aes128-ctr' b'hmac-sha2-256' b'none'
2025-01-19T21:26:40+0000 [cowrie.ssh.transport.HoneyPotSSHTransport#info] connection lost
2025-01-19T21:26:40+0000 [HoneyPotSSHTransport,1,10.88.0.8] Connection lost after 0.1 seconds
2025-01-19T21:26:54+0000 [cowrie.ssh.factory.CowrieSSHFactory] No moduli, no diffie-hellman-group-exchange-sha1
2025-01-19T21:26:54+0000 [cowrie.ssh.factory.CowrieSSHFactory] No moduli, no diffie-hellman-group-exchange-sha256
2025-01-19T21:26:54+0000 [cowrie.ssh.factory.CowrieSSHFactory] New connection: 10.88.0.8:43028 (10.88.0.8:2222) [session: a85d5316f97f]
2025-01-19T21:26:54+0000 [HoneyPotSSHTransport,2,10.88.0.8] Remote SSH version: SSH-2.0-OpenSSH_for_Windows_9.5
2025-01-19T21:26:54+0000 [HoneyPotSSHTransport,2,10.88.0.8] SSH client hassh fingerprint: 701158e75b508e76f0410d5d22ef9df0
2025-01-19T21:26:54+0000 [cowrie.ssh.transport.HoneyPotSSHTransport#debug] kex alg=b'curve25519-sha256' key alg=b'ssh-ed25519'
2025-01-19T21:26:54+0000 [cowrie.ssh.transport.HoneyPotSSHTransport#debug] outgoing: b'aes128-ctr' b'hmac-sha2-256' b'none'
2025-01-19T21:26:54+0000 [cowrie.ssh.transport.HoneyPotSSHTransport#debug] incoming: b'aes128-ctr' b'hmac-sha2-256' b'none'
2025-01-19T21:26:56+0000 [cowrie.ssh.transport.HoneyPotSSHTransport#debug] NEW KEYS
2025-01-19T21:26:56+0000 [cowrie.ssh.transport.HoneyPotSSHTransport#debug] starting service b'ssh-userauth'
2025-01-19T21:26:56+0000 [cowrie.ssh.userauth.HoneyPotSSHUserAuthServer#debug] b'root' trying auth b'none'
2025-01-19T21:26:59+0000 [cowrie.ssh.userauth.HoneyPotSSHUserAuthServer#debug] b'root' trying auth b'password'
2025-01-19T21:26:59+0000 [HoneyPotSSHTransport,2,10.88.0.8] Could not read etc/userdb.txt, default database activated
2025-01-19T21:26:59+0000 [HoneyPotSSHTransport,2,10.88.0.8] login attempt [b'root'/b'kali'] succeeded
2025-01-19T21:26:59+0000 [HoneyPotSSHTransport,2,10.88.0.8] Initialized emulated server as architecture: linux-x64-lsb
2025-01-19T21:26:59+0000 [cowrie.ssh.userauth.HoneyPotSSHUserAuthServer#debug] b'root' authenticated with b'password'
2025-01-19T21:26:59+0000 [cowrie.ssh.transport.HoneyPotSSHTransport#debug] starting service b'ssh-connection'
2025-01-19T21:26:59+0000 [cowrie.ssh.connection.CowrieSSHConnection#debug] got channel b'session' request
2025-01-19T21:26:59+0000 [cowrie.ssh.session.HoneyPotSSHSession#info] channel open
2025-01-19T21:26:59+0000 [cowrie.ssh.connection.CowrieSSHConnection#debug] got global b'no-more-sessions@openssh.com' request
2025-01-19T21:26:59+0000 [twisted.conch.ssh.session#info] Handling pty request: b'xterm-256color' (29, 127, 640, 480)
2025-01-19T21:26:59+0000 [SSHChannel session (0) on SSHService b'ssh-connection' on HoneyPotSSHTransport,2,10.88.0.8] Terminal Size: 127 29
2025-01-19T21:26:59+0000 [twisted.conch.ssh.session#info] Getting shell
2025-01-19T21:28:32+0000 [HoneyPotSSHTransport,2,10.88.0.8] CMD: ping 1.1.1.1
2025-01-19T21:28:32+0000 [HoneyPotSSHTransport,2,10.88.0.8] Command found: ping 1.1.1.1
2025-01-19T21:29:59+0000 [cowrie.shell.protocol.HoneyPotInteractiveProtocol#warn] Received unhandled keyID: b'\x07'
2025-01-19T21:29:59+0000 [-] Timeout reached in HoneyPotSSHTransport
2025-01-19T21:29:59+0000 [HoneyPotSSHTransport,2,10.88.0.8] Closing TTY Log: var/lib/cowrie/tty/c654dbc21a75821e95720752133d0abb910dd1dbc52dbc95c88e5b904714fd67 after 179.9 seconds
2025-01-19T21:29:59+0000 [HoneyPotSSHTransport,2,10.88.0.8] avatar root logging out
2025-01-19T21:29:59+0000 [cowrie.ssh.transport.HoneyPotSSHTransport#info] connection lost
2025-01-19T21:29:59+0000 [HoneyPotSSHTransport,2,10.88.0.8] Connection lost after 185.4 seconds
2025-01-19T21:30:00+0000 [-] Connection was probably lost. Could not write to terminal
2025-01-19T21:30:01+0000 [-] Connection was probably lost. Could not write to terminal
2025-01-19T21:30:02+0000 [-] Connection was probably lost. Could not write to terminal
2025-01-19T21:30:03+0000 [-] Connection was probably lost. Could not write to terminal
2025-01-19T21:30:04+0000 [-] Connection was probably lost. Could not write to terminal
2025-01-19T21:30:05+0000 [-] Connection was probably lost. Could not write to terminal
2025-01-19T21:30:06+0000 [-] Connection was probably lost. Could not write to terminal
2025-01-19T21:30:07+0000 [-] Connection was probably lost. Could not write to terminal
2025-01-19T21:30:08+0000 [-] Connection was probably lost. Could not write to terminal
2025-01-19T21:30:09+0000 [-] Connection was probably lost. Could not write to terminal
2025-01-19T21:30:10+0000 [-] Connection was probably lost. Could not write to terminal
2025-01-19T21:30:11+0000 [-] Connection was probably lost. Could not write to terminal
2025-01-19T21:30:12+0000 [-] Connection was probably lost. Could not write to terminal
2025-01-19T21:30:13+0000 [-] Connection was probably lost. Could not write to terminal
2025-01-19T21:30:14+0000 [-] Connection was probably lost. Could not write to terminal
2025-01-19T21:30:15+0000 [-] Connection was probably lost. Could not write to terminal
2025-01-19T21:30:16+0000 [-] Connection was probably lost. Could not write to terminal
2025-01-19T21:30:17+0000 [-] Connection was probably lost. Could not write to terminal
2025-01-19T21:30:18+0000 [-] Connection was probably lost. Could not write to terminal
2025-01-19T21:30:19+0000 [-] Connection was probably lost. Could not write to terminal
2025-01-19T21:30:20+0000 [-] Connection was probably lost. Could not write to terminal
2025-01-19T21:30:21+0000 [-] Connection was probably lost. Could not write to terminal
2025-01-19T21:30:22+0000 [-] Connection was probably lost. Could not write to terminal
2025-01-19T21:30:23+0000 [-] Connection was probably lost. Could not write to terminal
2025-01-19T21:30:24+0000 [-] Connection was probably lost. Could not write to terminal
2025-01-19T21:30:25+0000 [-] Connection was probably lost. Could not write to terminal
2025-01-19T21:30:26+0000 [-] Connection was probably lost. Could not write to terminal
2025-01-19T21:30:27+0000 [-] Connection was probably lost. Could not write to terminal
2025-01-19T21:30:28+0000 [-] Connection was probably lost. Could not write to terminal
2025-01-19T21:30:29+0000 [-] Connection was probably lost. Could not write to terminal
2025-01-19T21:30:30+0000 [cowrie.ssh.factory.CowrieSSHFactory] No moduli, no diffie-hellman-group-exchange-sha1
2025-01-19T21:30:30+0000 [cowrie.ssh.factory.CowrieSSHFactory] No moduli, no diffie-hellman-group-exchange-sha256
2025-01-19T21:30:30+0000 [cowrie.ssh.factory.CowrieSSHFactory] New connection: 10.88.0.8:54218 (10.88.0.8:2222) [session: 92e557f86786]
2025-01-19T21:30:30+0000 [HoneyPotSSHTransport,3,10.88.0.8] Remote SSH version: SSH-2.0-OpenSSH_for_Windows_9.5
2025-01-19T21:30:30+0000 [HoneyPotSSHTransport,3,10.88.0.8] SSH client hassh fingerprint: 701158e75b508e76f0410d5d22ef9df0
2025-01-19T21:30:30+0000 [cowrie.ssh.transport.HoneyPotSSHTransport#debug] kex alg=b'curve25519-sha256' key alg=b'ssh-ed25519'
2025-01-19T21:30:30+0000 [cowrie.ssh.transport.HoneyPotSSHTransport#debug] outgoing: b'aes128-ctr' b'hmac-sha2-256' b'none'
2025-01-19T21:30:30+0000 [cowrie.ssh.transport.HoneyPotSSHTransport#debug] incoming: b'aes128-ctr' b'hmac-sha2-256' b'none'
2025-01-19T21:30:30+0000 [cowrie.ssh.transport.HoneyPotSSHTransport#debug] NEW KEYS
2025-01-19T21:30:30+0000 [cowrie.ssh.transport.HoneyPotSSHTransport#debug] starting service b'ssh-userauth'
2025-01-19T21:30:30+0000 [cowrie.ssh.userauth.HoneyPotSSHUserAuthServer#debug] b'root' trying auth b'none'
2025-01-19T21:30:30+0000 [-] Connection was probably lost. Could not write to terminal
2025-01-19T21:30:31+0000 [-] Connection was probably lost. Could not write to terminal
2025-01-19T21:30:31+0000 [cowrie.ssh.userauth.HoneyPotSSHUserAuthServer#debug] b'root' trying auth b'password'
2025-01-19T21:30:31+0000 [HoneyPotSSHTransport,3,10.88.0.8] Could not read etc/userdb.txt, default database activated
2025-01-19T21:30:31+0000 [HoneyPotSSHTransport,3,10.88.0.8] login attempt [b'root'/b'kali'] succeeded
2025-01-19T21:30:31+0000 [HoneyPotSSHTransport,3,10.88.0.8] Initialized emulated server as architecture: linux-x64-lsb
2025-01-19T21:30:31+0000 [cowrie.ssh.userauth.HoneyPotSSHUserAuthServer#debug] b'root' authenticated with b'password'
2025-01-19T21:30:31+0000 [cowrie.ssh.transport.HoneyPotSSHTransport#debug] starting service b'ssh-connection'
2025-01-19T21:30:31+0000 [cowrie.ssh.connection.CowrieSSHConnection#debug] got channel b'session' request
2025-01-19T21:30:31+0000 [cowrie.ssh.session.HoneyPotSSHSession#info] channel open
2025-01-19T21:30:31+0000 [cowrie.ssh.connection.CowrieSSHConnection#debug] got global b'no-more-sessions@openssh.com' request
2025-01-19T21:30:31+0000 [twisted.conch.ssh.session#info] Handling pty request: b'xterm-256color' (29, 127, 640, 480)
2025-01-19T21:30:31+0000 [SSHChannel session (0) on SSHService b'ssh-connection' on HoneyPotSSHTransport,3,10.88.0.8] Terminal Size: 127 29
2025-01-19T21:30:31+0000 [twisted.conch.ssh.session#info] Getting shell
2025-01-19T21:30:32+0000 [-] Connection was probably lost. Could not write to terminal
2025-01-19T21:30:33+0000 [-] Connection was probably lost. Could not write to terminal
2025-01-19T21:30:34+0000 [HoneyPotSSHTransport,3,10.88.0.8] CMD: ls
2025-01-19T21:30:34+0000 [HoneyPotSSHTransport,3,10.88.0.8] Command found: ls 
2025-01-19T21:30:34+0000 [-] Connection was probably lost. Could not write to terminal
2025-01-19T21:30:35+0000 [-] Connection was probably lost. Could not write to terminal
2025-01-19T21:30:36+0000 [-] Connection was probably lost. Could not write to terminal
2025-01-19T21:30:37+0000 [-] Connection was probably lost. Could not write to terminal
2025-01-19T21:30:38+0000 [-] Connection was probably lost. Could not write to terminal
2025-01-19T21:30:39+0000 [-] Connection was probably lost. Could not write to terminal
2025-01-19T21:30:40+0000 [-] Connection was probably lost. Could not write to terminal
2025-01-19T21:30:41+0000 [-] Connection was probably lost. Could not write to terminal
2025-01-19T21:30:42+0000 [-] Connection was probably lost. Could not write to terminal
2025-01-19T21:30:43+0000 [-] Connection was probably lost. Could not write to terminal
2025-01-19T21:30:44+0000 [-] Connection was probably lost. Could not write to terminal
2025-01-19T21:30:45+0000 [-] Connection was probably lost. Could not write to terminal
2025-01-19T21:30:46+0000 [HoneyPotSSHTransport,3,10.88.0.8] CMD: ls -l
2025-01-19T21:30:46+0000 [HoneyPotSSHTransport,3,10.88.0.8] Command found: ls -l
2025-01-19T21:30:46+0000 [-] Connection was probably lost. Could not write to terminal
2025-01-19T21:30:47+0000 [-] Connection was probably lost. Could not write to terminal
2025-01-19T21:30:48+0000 [-] Connection was probably lost. Could not write to terminal
2025-01-19T21:30:49+0000 [-] Connection was probably lost. Could not write to terminal
2025-01-19T21:30:50+0000 [-] Connection was probably lost. Could not write to terminal
2025-01-19T21:30:51+0000 [-] Connection was probably lost. Could not write to terminal
2025-01-19T21:30:52+0000 [-] Connection was probably lost. Could not write to terminal
2025-01-19T21:30:53+0000 [-] Connection was probably lost. Could not write to terminal
2025-01-19T21:30:54+0000 [-] Connection was probably lost. Could not write to terminal
2025-01-19T21:30:55+0000 [-] Connection was probably lost. Could not write to terminal
2025-01-19T21:30:56+0000 [HoneyPotSSHTransport,3,10.88.0.8] CMD: cd /etc/passwd
2025-01-19T21:30:56+0000 [HoneyPotSSHTransport,3,10.88.0.8] Command found: cd /etc/passwd
2025-01-19T21:30:56+0000 [-] Connection was probably lost. Could not write to terminal
2025-01-19T21:30:57+0000 [-] Connection was probably lost. Could not write to terminal
2025-01-19T21:30:58+0000 [-] Connection was probably lost. Could not write to terminal
2025-01-19T21:30:59+0000 [-] Connection was probably lost. Could not write to terminal
2025-01-19T21:31:00+0000 [-] Connection was probably lost. Could not write to terminal
2025-01-19T21:31:01+0000 [HoneyPotSSHTransport,3,10.88.0.8] CMD: ls -l
2025-01-19T21:31:01+0000 [HoneyPotSSHTransport,3,10.88.0.8] Command found: ls -l
2025-01-19T21:31:01+0000 [-] Connection was probably lost. Could not write to terminal
2025-01-19T21:31:02+0000 [-] Connection was probably lost. Could not write to terminal
2025-01-19T21:31:03+0000 [-] Connection was probably lost. Could not write to terminal
2025-01-19T21:31:04+0000 [-] Connection was probably lost. Could not write to terminal
2025-01-19T21:31:05+0000 [-] Connection was probably lost. Could not write to terminal
2025-01-19T21:31:05+0000 [HoneyPotSSHTransport,3,10.88.0.8] CMD: ls
2025-01-19T21:31:05+0000 [HoneyPotSSHTransport,3,10.88.0.8] Command found: ls 
2025-01-19T21:31:06+0000 [-] Connection was probably lost. Could not write to terminal
2025-01-19T21:31:07+0000 [-] Connection was probably lost. Could not write to terminal
2025-01-19T21:31:08+0000 [-] Connection was probably lost. Could not write to terminal
2025-01-19T21:31:09+0000 [-] Connection was probably lost. Could not write to terminal
2025-01-19T21:31:10+0000 [-] Connection was probably lost. Could not write to terminal
2025-01-19T21:31:11+0000 [-] Connection was probably lost. Could not write to terminal
2025-01-19T21:31:12+0000 [-] Connection was probably lost. Could not write to terminal
2025-01-19T21:31:13+0000 [-] Connection was probably lost. Could not write to terminal
2025-01-19T21:31:14+0000 [-] Connection was probably lost. Could not write to terminal
2025-01-19T21:31:15+0000 [-] Connection was probably lost. Could not write to terminal
2025-01-19T21:31:16+0000 [-] Connection was probably lost. Could not write to terminal
2025-01-19T21:31:17+0000 [-] Connection was probably lost. Could not write to terminal
2025-01-19T21:31:18+0000 [-] Connection was probably lost. Could not write to terminal
2025-01-19T21:31:19+0000 [-] Connection was probably lost. Could not write to terminal
2025-01-19T21:31:20+0000 [-] Connection was probably lost. Could not write to terminal
2025-01-19T21:31:21+0000 [-] Connection was probably lost. Could not write to terminal
2025-01-19T21:31:22+0000 [-] Connection was probably lost. Could not write to terminal
2025-01-19T21:31:23+0000 [-] Connection was probably lost. Could not write to terminal
2025-01-19T21:31:24+0000 [-] Connection was probably lost. Could not write to terminal
2025-01-19T21:31:25+0000 [-] Connection was probably lost. Could not write to terminal
2025-01-19T21:31:26+0000 [-] Connection was probably lost. Could not write to terminal
2025-01-19T21:31:27+0000 [-] Connection was probably lost. Could not write to terminal
2025-01-19T21:31:28+0000 [-] Connection was probably lost. Could not write to terminal
2025-01-19T21:31:29+0000 [-] Connection was probably lost. Could not write to terminal
2025-01-19T21:31:30+0000 [-] Connection was probably lost. Could not write to terminal
2025-01-19T21:31:31+0000 [-] Connection was probably lost. Could not write to terminal
2025-01-19T21:31:32+0000 [-] Connection was probably lost. Could not write to terminal
2025-01-19T21:31:33+0000 [-] Connection was probably lost. Could not write to terminal
2025-01-19T21:31:34+0000 [-] Connection was probably lost. Could not write to terminal
2025-01-19T21:31:35+0000 [-] Connection was probably lost. Could not write to terminal
2025-01-19T21:31:36+0000 [-] Connection was probably lost. Could not write to terminal
2025-01-19T21:31:37+0000 [-] Connection was probably lost. Could not write to terminal
2025-01-19T21:31:38+0000 [-] Connection was probably lost. Could not write to terminal
2025-01-19T21:31:39+0000 [-] Connection was probably lost. Could not write to terminal
2025-01-19T21:31:40+0000 [-] Connection was probably lost. Could not write to terminal
2025-01-19T21:31:41+0000 [-] Connection was probably lost. Could not write to terminal
2025-01-19T21:31:42+0000 [-] Connection was probably lost. Could not write to terminal
2025-01-19T21:31:43+0000 [-] Connection was probably lost. Could not write to terminal
2025-01-19T21:31:44+0000 [-] Connection was probably lost. Could not write to terminal
2025-01-19T21:31:45+0000 [-] Connection was probably lost. Could not write to terminal
2025-01-19T21:31:46+0000 [-] Connection was probably lost. Could not write to terminal
2025-01-19T21:31:47+0000 [-] Connection was probably lost. Could not write to terminal
2025-01-19T21:31:48+0000 [-] Connection was probably lost. Could not write to terminal
2025-01-19T21:31:49+0000 [-] Connection was probably lost. Could not write to terminal
2025-01-19T21:31:50+0000 [-] Connection was probably lost. Could not write to terminal
2025-01-19T21:31:51+0000 [-] Connection was probably lost. Could not write to terminal
2025-01-19T21:31:52+0000 [-] Connection was probably lost. Could not write to terminal
2025-01-19T21:31:53+0000 [-] Connection was probably lost. Could not write to terminal
2025-01-19T21:31:54+0000 [-] Connection was probably lost. Could not write to terminal
2025-01-19T21:31:55+0000 [-] Connection was probably lost. Could not write to terminal
2025-01-19T21:31:56+0000 [-] Connection was probably lost. Could not write to terminal
2025-01-19T21:31:57+0000 [-] Connection was probably lost. Could not write to terminal
2025-01-19T21:31:58+0000 [-] Connection was probably lost. Could not write to terminal
2025-01-19T21:31:59+0000 [-] Connection was probably lost. Could not write to terminal
2025-01-19T21:32:00+0000 [-] Connection was probably lost. Could not write to terminal
2025-01-19T21:32:01+0000 [-] Connection was probably lost. Could not write to terminal
2025-01-19T21:32:02+0000 [-] Connection was probably lost. Could not write to terminal
2025-01-19T21:32:03+0000 [-] Connection was probably lost. Could not write to terminal
2025-01-19T21:32:04+0000 [-] Connection was probably lost. Could not write to terminal
2025-01-19T21:32:05+0000 [-] Connection was probably lost. Could not write to terminal
2025-01-19T21:32:06+0000 [-] Connection was probably lost. Could not write to terminal
2025-01-19T21:32:07+0000 [-] Connection was probably lost. Could not write to terminal
2025-01-19T21:32:08+0000 [-] Connection was probably lost. Could not write to terminal
2025-01-19T21:32:09+0000 [-] Connection was probably lost. Could not write to terminal
2025-01-19T21:32:10+0000 [-] Connection was probably lost. Could not write to terminal
2025-01-19T21:32:11+0000 [-] Connection was probably lost. Could not write to terminal
2025-01-19T21:32:12+0000 [-] Connection was probably lost. Could not write to terminal
2025-01-19T21:32:13+0000 [-] Connection was probably lost. Could not write to terminal
2025-01-19T21:32:14+0000 [-] Connection was probably lost. Could not write to terminal
2025-01-19T21:32:15+0000 [-] Connection was probably lost. Could not write to terminal
2025-01-19T21:32:16+0000 [-] Connection was probably lost. Could not write to terminal
2025-01-19T21:32:17+0000 [-] Connection was probably lost. Could not write to terminal
2025-01-19T21:32:18+0000 [-] Connection was probably lost. Could not write to terminal
2025-01-19T21:32:19+0000 [-] Connection was probably lost. Could not write to terminal
2025-01-19T21:32:20+0000 [-] Connection was probably lost. Could not write to terminal
2025-01-19T21:32:21+0000 [-] Connection was probably lost. Could not write to terminal
2025-01-19T21:32:22+0000 [-] Connection was probably lost. Could not write to terminal
2025-01-19T21:32:23+0000 [-] Connection was probably lost. Could not write to terminal
2025-01-19T21:32:24+0000 [-] Connection was probably lost. Could not write to terminal
2025-01-19T21:32:25+0000 [-] Connection was probably lost. Could not write to terminal
2025-01-19T21:32:26+0000 [-] Connection was probably lost. Could not write to terminal
2025-01-19T21:32:27+0000 [-] Connection was probably lost. Could not write to terminal
2025-01-19T21:32:28+0000 [-] Connection was probably lost. Could not write to terminal
2025-01-19T21:32:29+0000 [-] Connection was probably lost. Could not write to terminal
2025-01-19T21:32:30+0000 [-] Connection was probably lost. Could not write to terminal
2025-01-19T21:32:31+0000 [-] Connection was probably lost. Could not write to terminal
2025-01-19T21:32:32+0000 [-] Connection was probably lost. Could not write to terminal
2025-01-19T21:32:33+0000 [-] Connection was probably lost. Could not write to terminal
2025-01-19T21:32:34+0000 [-] Connection was probably lost. Could not write to terminal
2025-01-19T21:32:35+0000 [-] Connection was probably lost. Could not write to terminal
2025-01-19T21:32:36+0000 [-] Connection was probably lost. Could not write to terminal
2025-01-19T21:32:37+0000 [-] Connection was probably lost. Could not write to terminal
2025-01-19T21:32:38+0000 [-] Connection was probably lost. Could not write to terminal
2025-01-19T21:32:39+0000 [-] Connection was probably lost. Could not write to terminal
2025-01-19T21:32:40+0000 [-] Connection was probably lost. Could not write to terminal
2025-01-19T21:32:41+0000 [-] Connection was probably lost. Could not write to terminal
2025-01-19T21:32:42+0000 [-] Connection was probably lost. Could not write to terminal
2025-01-19T21:32:43+0000 [-] Connection was probably lost. Could not write to terminal
2025-01-19T21:32:44+0000 [-] Connection was probably lost. Could not write to terminal
2025-01-19T21:32:45+0000 [-] Connection was probably lost. Could not write to terminal
2025-01-19T21:32:46+0000 [-] Connection was probably lost. Could not write to terminal
2025-01-19T21:32:47+0000 [-] Connection was probably lost. Could not write to terminal
2025-01-19T21:32:48+0000 [-] Connection was probably lost. Could not write to terminal
2025-01-19T21:32:49+0000 [-] Connection was probably lost. Could not write to terminal
2025-01-19T21:32:50+0000 [-] Connection was probably lost. Could not write to terminal
2025-01-19T21:32:51+0000 [-] Connection was probably lost. Could not write to terminal
2025-01-19T21:32:52+0000 [-] Connection was probably lost. Could not write to terminal
2025-01-19T21:32:53+0000 [-] Connection was probably lost. Could not write to terminal
2025-01-19T21:32:54+0000 [-] Connection was probably lost. Could not write to terminal
2025-01-19T21:32:55+0000 [-] Connection was probably lost. Could not write to terminal
2025-01-19T21:32:56+0000 [-] Connection was probably lost. Could not write to terminal
2025-01-19T21:32:57+0000 [-] Connection was probably lost. Could not write to terminal
2025-01-19T21:32:58+0000 [-] Connection was probably lost. Could not write to terminal
2025-01-19T21:32:59+0000 [-] Connection was probably lost. Could not write to terminal
2025-01-19T21:33:00+0000 [-] Connection was probably lost. Could not write to terminal
2025-01-19T21:33:01+0000 [-] Connection was probably lost. Could not write to terminal
2025-01-19T21:33:02+0000 [-] Connection was probably lost. Could not write to terminal
2025-01-19T21:33:03+0000 [-] Connection was probably lost. Could not write to terminal
2025-01-19T21:33:04+0000 [-] Connection was probably lost. Could not write to terminal
2025-01-19T21:33:06+0000 [-] Connection was probably lost. Could not write to terminal
2025-01-19T21:33:07+0000 [-] Connection was probably lost. Could not write to terminal
2025-01-19T21:33:08+0000 [-] Connection was probably lost. Could not write to terminal
2025-01-19T21:33:09+0000 [-] Connection was probably lost. Could not write to terminal
2025-01-19T21:33:10+0000 [-] Connection was probably lost. Could not write to terminal
2025-01-19T21:33:11+0000 [-] Connection was probably lost. Could not write to terminal
2025-01-19T21:33:12+0000 [-] Connection was probably lost. Could not write to terminal
2025-01-19T21:33:13+0000 [-] Connection was probably lost. Could not write to terminal
2025-01-19T21:33:14+0000 [-] Connection was probably lost. Could not write to terminal
2025-01-19T21:33:15+0000 [-] Connection was probably lost. Could not write to terminal
2025-01-19T21:33:16+0000 [-] Connection was probably lost. Could not write to terminal
2025-01-19T21:33:17+0000 [-] Connection was probably lost. Could not write to terminal
2025-01-19T21:33:18+0000 [-] Connection was probably lost. Could not write to terminal
2025-01-19T21:33:19+0000 [-] Connection was probably lost. Could not write to terminal
2025-01-19T21:33:20+0000 [-] Connection was probably lost. Could not write to terminal
2025-01-19T21:33:21+0000 [-] Connection was probably lost. Could not write to terminal
2025-01-19T21:33:22+0000 [-] Connection was probably lost. Could not write to terminal
2025-01-19T21:33:23+0000 [-] Connection was probably lost. Could not write to terminal
2025-01-19T21:33:24+0000 [-] Connection was probably lost. Could not write to terminal
2025-01-19T21:33:25+0000 [-] Connection was probably lost. Could not write to terminal
2025-01-19T21:33:26+0000 [-] Connection was probably lost. Could not write to terminal
2025-01-19T21:33:27+0000 [-] Connection was probably lost. Could not write to terminal
2025-01-19T21:33:28+0000 [-] Connection was probably lost. Could not write to terminal
2025-01-19T21:33:29+0000 [-] Connection was probably lost. Could not write to terminal
2025-01-19T21:33:30+0000 [-] Connection was probably lost. Could not write to terminal
2025-01-19T21:33:31+0000 [-] Connection was probably lost. Could not write to terminal
2025-01-19T21:33:31+0000 [-] Timeout reached in HoneyPotSSHTransport
2025-01-19T21:33:31+0000 [HoneyPotSSHTransport,3,10.88.0.8] Closing TTY Log: var/lib/cowrie/tty/613a6a1203738619de4c70d154c96b1c6aea87d54bf41e0d72addf0a000eb155 after 179.9 seconds
2025-01-19T21:33:31+0000 [HoneyPotSSHTransport,3,10.88.0.8] avatar root logging out
2025-01-19T21:33:31+0000 [cowrie.ssh.transport.HoneyPotSSHTransport#info] connection lost
2025-01-19T21:33:31+0000 [HoneyPotSSHTransport,3,10.88.0.8] Connection lost after 181.5 seconds
2025-01-19T21:33:32+0000 [-] Connection was probably lost. Could not write to terminal
2025-01-19T21:33:33+0000 [-] Connection was probably lost. Could not write to terminal
2025-01-19T21:33:34+0000 [-] Connection was probably lost. Could not write to terminal
2025-01-19T21:33:35+0000 [-] Connection was probably lost. Could not write to terminal
2025-01-19T21:33:36+0000 [-] Connection was probably lost. Could not write to terminal
2025-01-19T21:33:37+0000 [-] Connection was probably lost. Could not write to terminal
2025-01-19T21:33:38+0000 [-] Connection was probably lost. Could not write to terminal
2025-01-19T21:33:39+0000 [-] Connection was probably lost. Could not write to terminal
2025-01-19T21:33:40+0000 [-] Connection was probably lost. Could not write to terminal
2025-01-19T21:33:41+0000 [-] Connection was probably lost. Could not write to terminal
2025-01-19T21:33:42+0000 [-] Connection was probably lost. Could not write to terminal
2025-01-19T21:33:43+0000 [-] Connection was probably lost. Could not write to terminal
2025-01-19T21:33:44+0000 [-] Connection was probably lost. Could not write to terminal
2025-01-19T21:33:45+0000 [-] Connection was probably lost. Could not write to terminal
2025-01-19T21:33:46+0000 [-] Connection was probably lost. Could not write to terminal
2025-01-19T21:33:47+0000 [-] Connection was probably lost. Could not write to terminal
2025-01-19T21:33:48+0000 [-] Connection was probably lost. Could not write to terminal
2025-01-19T21:33:49+0000 [-] Connection was probably lost. Could not write to terminal
2025-01-19T21:33:50+0000 [-] Connection was probably lost. Could not write to terminal
2025-01-19T21:33:51+0000 [-] Connection was probably lost. Could not write to terminal
2025-01-19T21:33:52+0000 [-] Connection was probably lost. Could not write to terminal
2025-01-19T21:33:53+0000 [-] Connection was probably lost. Could not write to terminal
2025-01-19T21:33:54+0000 [-] Connection was probably lost. Could not write to terminal
2025-01-19T21:33:55+0000 [-] Connection was probably lost. Could not write to terminal
2025-01-19T21:33:56+0000 [-] Connection was probably lost. Could not write to terminal
2025-01-19T21:33:57+0000 [-] Connection was probably lost. Could not write to terminal
2025-01-19T21:33:58+0000 [-] Connection was probably lost. Could not write to terminal
2025-01-19T21:33:59+0000 [-] Connection was probably lost. Could not write to terminal
2025-01-19T21:34:00+0000 [-] Connection was probably lost. Could not write to terminal
2025-01-19T21:34:01+0000 [-] Connection was probably lost. Could not write to terminal
2025-01-19T21:34:02+0000 [-] Connection was probably lost. Could not write to terminal
2025-01-19T21:34:03+0000 [-] Connection was probably lost. Could not write to terminal
2025-01-19T21:34:04+0000 [-] Connection was probably lost. Could not write to terminal
2025-01-19T21:34:05+0000 [-] Connection was probably lost. Could not write to terminal
2025-01-19T21:34:06+0000 [-] Connection was probably lost. Could not write to terminal
2025-01-19T21:34:07+0000 [-] Connection was probably lost. Could not write to terminal
2025-01-19T21:34:08+0000 [-] Connection was probably lost. Could not write to terminal
2025-01-19T21:34:09+0000 [-] Connection was probably lost. Could not write to terminal
2025-01-19T21:34:10+0000 [-] Connection was probably lost. Could not write to terminal
2025-01-19T21:34:11+0000 [-] Connection was probably lost. Could not write to terminal
2025-01-19T21:34:12+0000 [-] Connection was probably lost. Could not write to terminal
2025-01-19T21:34:13+0000 [-] Connection was probably lost. Could not write to terminal
2025-01-19T21:34:14+0000 [-] Connection was probably lost. Could not write to terminal
2025-01-19T21:34:15+0000 [-] Connection was probably lost. Could not write to terminal
2025-01-19T21:34:16+0000 [-] Connection was probably lost. Could not write to terminal
2025-01-19T21:34:17+0000 [-] Connection was probably lost. Could not write to terminal
2025-01-19T21:34:18+0000 [-] Connection was probably lost. Could not write to terminal
2025-01-19T21:34:19+0000 [-] Connection was probably lost. Could not write to terminal
2025-01-19T21:34:20+0000 [-] Connection was probably lost. Could not write to terminal
2025-01-19T21:34:21+0000 [-] Connection was probably lost. Could not write to terminal
2025-01-19T21:34:22+0000 [-] Connection was probably lost. Could not write to terminal
2025-01-19T21:34:23+0000 [-] Connection was probably lost. Could not write to terminal
2025-01-19T21:34:24+0000 [-] Connection was probably lost. Could not write to terminal
2025-01-19T21:34:25+0000 [-] Connection was probably lost. Could not write to terminal
2025-01-19T21:34:26+0000 [-] Connection was probably lost. Could not write to terminal
2025-01-19T21:34:27+0000 [-] Connection was probably lost. Could not write to terminal
2025-01-19T21:34:28+0000 [-] Connection was probably lost. Could not write to terminal
2025-01-19T21:34:29+0000 [-] Connection was probably lost. Could not write to terminal
2025-01-19T21:34:30+0000 [-] Connection was probably lost. Could not write to terminal
2025-01-19T21:34:31+0000 [-] Connection was probably lost. Could not write to terminal
2025-01-19T21:34:32+0000 [-] Connection was probably lost. Could not write to terminal
2025-01-19T21:34:33+0000 [-] Connection was probably lost. Could not write to terminal
2025-01-19T21:34:34+0000 [-] Connection was probably lost. Could not write to terminal
2025-01-19T21:34:35+0000 [-] Connection was probably lost. Could not write to terminal
2025-01-19T21:34:36+0000 [-] Connection was probably lost. Could not write to terminal
2025-01-19T21:34:37+0000 [-] Connection was probably lost. Could not write to terminal
2025-01-19T21:34:38+0000 [-] Connection was probably lost. Could not write to terminal
2025-01-19T21:34:39+0000 [-] Connection was probably lost. Could not write to terminal
2025-01-19T21:34:40+0000 [-] Connection was probably lost. Could not write to terminal
2025-01-19T21:34:41+0000 [-] Connection was probably lost. Could not write to terminal
2025-01-19T21:34:42+0000 [-] Connection was probably lost. Could not write to terminal
2025-01-19T21:34:43+0000 [-] Connection was probably lost. Could not write to terminal
2025-01-19T21:34:44+0000 [-] Connection was probably lost. Could not write to terminal
2025-01-19T21:34:45+0000 [-] Connection was probably lost. Could not write to terminal
2025-01-19T21:34:46+0000 [-] Connection was probably lost. Could not write to terminal
2025-01-19T21:34:47+0000 [-] Connection was probably lost. Could not write to terminal
2025-01-19T21:34:48+0000 [-] Connection was probably lost. Could not write to terminal
2025-01-19T21:34:49+0000 [-] Connection was probably lost. Could not write to terminal
2025-01-19T21:34:50+0000 [-] Connection was probably lost. Could not write to terminal
2025-01-19T21:34:51+0000 [-] Connection was probably lost. Could not write to terminal
2025-01-19T21:34:52+0000 [-] Connection was probably lost. Could not write to terminal
2025-01-19T21:34:53+0000 [-] Connection was probably lost. Could not write to terminal
2025-01-19T21:34:54+0000 [-] Connection was probably lost. Could not write to terminal
2025-01-19T21:34:55+0000 [-] Connection was probably lost. Could not write to terminal
2025-01-19T21:34:56+0000 [-] Connection was probably lost. Could not write to terminal
2025-01-19T21:34:57+0000 [-] Connection was probably lost. Could not write to terminal
2025-01-19T21:34:58+0000 [-] Connection was probably lost. Could not write to terminal
2025-01-19T21:34:59+0000 [-] Connection was probably lost. Could not write to terminal
2025-01-19T21:35:00+0000 [-] Connection was probably lost. Could not write to terminal
2025-01-19T21:35:01+0000 [-] Connection was probably lost. Could not write to terminal
2025-01-19T21:35:02+0000 [-] Connection was probably lost. Could not write to terminal
2025-01-19T21:35:03+0000 [-] Connection was probably lost. Could not write to terminal
2025-01-19T21:35:04+0000 [-] Connection was probably lost. Could not write to terminal
2025-01-19T21:35:05+0000 [-] Connection was probably lost. Could not write to terminal
2025-01-19T21:35:06+0000 [-] Connection was probably lost. Could not write to terminal
2025-01-19T21:35:07+0000 [-] Connection was probably lost. Could not write to terminal
2025-01-19T21:35:08+0000 [-] Connection was probably lost. Could not write to terminal
2025-01-19T21:35:09+0000 [-] Connection was probably lost. Could not write to terminal
2025-01-19T21:35:10+0000 [-] Connection was probably lost. Could not write to terminal
2025-01-19T21:35:11+0000 [-] Connection was probably lost. Could not write to terminal
2025-01-19T21:35:12+0000 [-] Connection was probably lost. Could not write to terminal
2025-01-19T21:35:13+0000 [-] Connection was probably lost. Could not write to terminal
2025-01-19T21:35:14+0000 [-] Connection was probably lost. Could not write to terminal
2025-01-19T21:35:15+0000 [-] Connection was probably lost. Could not write to terminal
2025-01-19T21:35:16+0000 [-] Connection was probably lost. Could not write to terminal
2025-01-19T21:35:17+0000 [-] Connection was probably lost. Could not write to terminal
2025-01-19T21:35:18+0000 [-] Connection was probably lost. Could not write to terminal
2025-01-19T21:35:19+0000 [-] Connection was probably lost. Could not write to terminal
2025-01-19T21:35:20+0000 [-] Connection was probably lost. Could not write to terminal
2025-01-19T21:35:21+0000 [-] Connection was probably lost. Could not write to terminal
2025-01-19T21:35:22+0000 [-] Connection was probably lost. Could not write to terminal
2025-01-19T21:35:23+0000 [-] Connection was probably lost. Could not write to terminal
2025-01-19T21:35:24+0000 [-] Connection was probably lost. Could not write to terminal
2025-01-19T21:35:25+0000 [-] Connection was probably lost. Could not write to terminal
2025-01-19T21:35:26+0000 [-] Connection was probably lost. Could not write to terminal
2025-01-19T21:35:27+0000 [-] Connection was probably lost. Could not write to terminal
2025-01-19T21:35:28+0000 [-] Connection was probably lost. Could not write to terminal
2025-01-19T21:35:29+0000 [-] Connection was probably lost. Could not write to terminal
2025-01-19T21:35:30+0000 [-] Connection was probably lost. Could not write to terminal
2025-01-19T21:35:31+0000 [-] Connection was probably lost. Could not write to terminal
2025-01-19T21:35:32+0000 [-] Connection was probably lost. Could not write to terminal
2025-01-19T21:35:33+0000 [-] Connection was probably lost. Could not write to terminal
2025-01-19T21:35:34+0000 [-] Connection was probably lost. Could not write to terminal
2025-01-19T21:35:35+0000 [-] Connection was probably lost. Could not write to terminal
2025-01-19T21:35:36+0000 [-] Connection was probably lost. Could not write to terminal
2025-01-19T21:35:37+0000 [-] Connection was probably lost. Could not write to terminal
2025-01-19T21:35:38+0000 [-] Connection was probably lost. Could not write to terminal
2025-01-19T21:35:39+0000 [-] Connection was probably lost. Could not write to terminal
2025-01-19T21:35:40+0000 [-] Connection was probably lost. Could not write to terminal
2025-01-19T21:35:41+0000 [-] Connection was probably lost. Could not write to terminal
2025-01-19T21:35:42+0000 [-] Connection was probably lost. Could not write to terminal
2025-01-19T21:35:43+0000 [-] Connection was probably lost. Could not write to terminal
2025-01-19T21:35:44+0000 [-] Connection was probably lost. Could not write to terminal
2025-01-19T21:35:45+0000 [-] Connection was probably lost. Could not write to terminal
2025-01-19T21:35:46+0000 [-] Connection was probably lost. Could not write to terminal
2025-01-19T21:35:47+0000 [-] Connection was probably lost. Could not write to terminal
2025-01-19T21:35:48+0000 [-] Connection was probably lost. Could not write to terminal
2025-01-19T21:35:49+0000 [-] Connection was probably lost. Could not write to terminal
2025-01-19T21:35:50+0000 [-] Connection was probably lost. Could not write to terminal
2025-01-19T21:35:51+0000 [-] Connection was probably lost. Could not write to terminal
2025-01-19T21:35:52+0000 [-] Connection was probably lost. Could not write to terminal
2025-01-19T21:35:53+0000 [-] Connection was probably lost. Could not write to terminal
2025-01-19T21:35:54+0000 [-] Connection was probably lost. Could not write to terminal
2025-01-19T21:35:55+0000 [-] Connection was probably lost. Could not write to terminal
2025-01-19T21:35:56+0000 [-] Connection was probably lost. Could not write to terminal
2025-01-19T21:35:57+0000 [-] Connection was probably lost. Could not write to terminal
2025-01-19T21:35:58+0000 [-] Connection was probably lost. Could not write to terminal
2025-01-19T21:35:59+0000 [-] Connection was probably lost. Could not write to terminal
2025-01-19T21:36:00+0000 [-] Connection was probably lost. Could not write to terminal
2025-01-19T21:36:01+0000 [-] Connection was probably lost. Could not write to terminal
2025-01-19T21:36:02+0000 [-] Connection was probably lost. Could not write to terminal
2025-01-19T21:36:03+0000 [-] Connection was probably lost. Could not write to terminal
2025-01-19T21:36:04+0000 [-] Connection was probably lost. Could not write to terminal
2025-01-19T21:36:05+0000 [-] Connection was probably lost. Could not write to terminal
2025-01-19T21:36:06+0000 [-] Connection was probably lost. Could not write to terminal
2025-01-19T21:36:07+0000 [-] Connection was probably lost. Could not write to terminal
2025-01-19T21:36:08+0000 [-] Connection was probably lost. Could not write to terminal
2025-01-19T21:36:09+0000 [-] Connection was probably lost. Could not write to terminal
2025-01-19T21:36:10+0000 [-] Connection was probably lost. Could not write to terminal
2025-01-19T21:36:11+0000 [-] Connection was probably lost. Could not write to terminal
2025-01-19T21:36:12+0000 [-] Connection was probably lost. Could not write to terminal
2025-01-19T21:36:13+0000 [-] Connection was probably lost. Could not write to terminal
2025-01-19T21:36:14+0000 [-] Connection was probably lost. Could not write to terminal
2025-01-19T21:36:15+0000 [-] Connection was probably lost. Could not write to terminal
2025-01-19T21:36:16+0000 [-] Connection was probably lost. Could not write to terminal
2025-01-19T21:36:17+0000 [-] Connection was probably lost. Could not write to terminal
2025-01-19T21:36:18+0000 [-] Connection was probably lost. Could not write to terminal
2025-01-19T21:36:19+0000 [-] Connection was probably lost. Could not write to terminal
2025-01-19T21:36:20+0000 [-] Connection was probably lost. Could not write to terminal
2025-01-19T21:36:21+0000 [-] Connection was probably lost. Could not write to terminal
2025-01-19T21:36:22+0000 [-] Connection was probably lost. Could not write to terminal
2025-01-19T21:36:23+0000 [-] Connection was probably lost. Could not write to terminal
2025-01-19T21:36:24+0000 [-] Connection was probably lost. Could not write to terminal
2025-01-19T21:36:25+0000 [-] Connection was probably lost. Could not write to terminal
2025-01-19T21:36:26+0000 [-] Connection was probably lost. Could not write to terminal
2025-01-19T21:36:27+0000 [-] Connection was probably lost. Could not write to terminal
2025-01-19T21:36:28+0000 [-] Connection was probably lost. Could not write to terminal
2025-01-19T21:36:29+0000 [-] Connection was probably lost. Could not write to terminal
2025-01-19T21:36:30+0000 [-] Connection was probably lost. Could not write to terminal
2025-01-19T21:36:31+0000 [-] Connection was probably lost. Could not write to terminal
2025-01-19T21:36:32+0000 [-] Connection was probably lost. Could not write to terminal
2025-01-19T21:36:33+0000 [-] Connection was probably lost. Could not write to terminal
2025-01-19T21:36:34+0000 [-] Connection was probably lost. Could not write to terminal
2025-01-19T21:36:35+0000 [-] Connection was probably lost. Could not write to terminal
2025-01-19T21:36:36+0000 [-] Connection was probably lost. Could not write to terminal
2025-01-19T21:36:37+0000 [-] Connection was probably lost. Could not write to terminal
2025-01-19T21:36:38+0000 [-] Connection was probably lost. Could not write to terminal
2025-01-19T21:36:39+0000 [-] Connection was probably lost. Could not write to terminal
2025-01-19T21:36:40+0000 [-] Connection was probably lost. Could not write to terminal
2025-01-19T21:36:41+0000 [-] Connection was probably lost. Could not write to terminal
2025-01-19T21:36:42+0000 [-] Connection was probably lost. Could not write to terminal
2025-01-19T21:36:43+0000 [-] Connection was probably lost. Could not write to terminal
2025-01-19T21:36:44+0000 [-] Connection was probably lost. Could not write to terminal
2025-01-19T21:36:45+0000 [-] Connection was probably lost. Could not write to terminal
2025-01-19T21:36:46+0000 [-] Connection was probably lost. Could not write to terminal
2025-01-19T21:36:47+0000 [-] Connection was probably lost. Could not write to terminal
2025-01-19T21:36:48+0000 [-] Connection was probably lost. Could not write to terminal
2025-01-19T21:36:49+0000 [-] Connection was probably lost. Could not write to terminal
2025-01-19T21:36:50+0000 [-] Connection was probably lost. Could not write to terminal
2025-01-19T21:36:51+0000 [-] Connection was probably lost. Could not write to terminal
2025-01-19T21:36:52+0000 [-] Connection was probably lost. Could not write to terminal
2025-01-19T21:36:53+0000 [-] Connection was probably lost. Could not write to terminal
2025-01-19T21:36:54+0000 [-] Connection was probably lost. Could not write to terminal
2025-01-19T21:36:55+0000 [-] Connection was probably lost. Could not write to terminal
2025-01-19T21:36:56+0000 [-] Connection was probably lost. Could not write to terminal
2025-01-19T21:36:57+0000 [-] Connection was probably lost. Could not write to terminal
2025-01-19T21:36:58+0000 [-] Connection was probably lost. Could not write to terminal
2025-01-19T21:36:59+0000 [-] Connection was probably lost. Could not write to terminal
2025-01-19T21:37:00+0000 [-] Connection was probably lost. Could not write to terminal
2025-01-19T21:37:01+0000 [-] Connection was probably lost. Could not write to terminal
2025-01-19T21:37:02+0000 [-] Connection was probably lost. Could not write to terminal
2025-01-19T21:37:03+0000 [-] Connection was probably lost. Could not write to terminal
2025-01-19T21:37:04+0000 [-] Connection was probably lost. Could not write to terminal
2025-01-19T21:37:05+0000 [-] Connection was probably lost. Could not write to terminal
2025-01-19T21:37:06+0000 [-] Connection was probably lost. Could not write to terminal
2025-01-19T21:37:07+0000 [-] Connection was probably lost. Could not write to terminal
2025-01-19T21:37:08+0000 [-] Connection was probably lost. Could not write to terminal
2025-01-19T21:37:09+0000 [-] Connection was probably lost. Could not write to terminal
2025-01-19T21:37:10+0000 [-] Connection was probably lost. Could not write to terminal
2025-01-19T21:37:11+0000 [-] Connection was probably lost. Could not write to terminal
2025-01-19T21:37:12+0000 [-] Connection was probably lost. Could not write to terminal
2025-01-19T21:37:13+0000 [-] Connection was probably lost. Could not write to terminal
2025-01-19T21:37:14+0000 [-] Connection was probably lost. Could not write to terminal
2025-01-19T21:37:15+0000 [-] Connection was probably lost. Could not write to terminal
2025-01-19T21:37:16+0000 [-] Connection was probably lost. Could not write to terminal
2025-01-19T21:37:17+0000 [-] Connection was probably lost. Could not write to terminal
2025-01-19T21:37:18+0000 [-] Connection was probably lost. Could not write to terminal
2025-01-19T21:37:19+0000 [-] Connection was probably lost. Could not write to terminal
2025-01-19T21:37:20+0000 [-] Connection was probably lost. Could not write to terminal
2025-01-19T21:37:21+0000 [-] Connection was probably lost. Could not write to terminal
2025-01-19T21:37:22+0000 [-] Connection was probably lost. Could not write to terminal
2025-01-19T21:37:23+0000 [-] Connection was probably lost. Could not write to terminal
2025-01-19T21:37:24+0000 [-] Connection was probably lost. Could not write to terminal
2025-01-19T21:37:25+0000 [-] Connection was probably lost. Could not write to terminal
2025-01-19T21:37:26+0000 [-] Connection was probably lost. Could not write to terminal
2025-01-19T21:37:27+0000 [-] Connection was probably lost. Could not write to terminal
2025-01-19T21:37:28+0000 [-] Connection was probably lost. Could not write to terminal
2025-01-19T21:37:29+0000 [-] Connection was probably lost. Could not write to terminal
2025-01-19T21:37:30+0000 [-] Connection was probably lost. Could not write to terminal
2025-01-19T21:37:31+0000 [-] Connection was probably lost. Could not write to terminal
2025-01-19T21:37:32+0000 [-] Connection was probably lost. Could not write to terminal
2025-01-19T21:37:33+0000 [-] Connection was probably lost. Could not write to terminal
2025-01-19T21:37:34+0000 [-] Connection was probably lost. Could not write to terminal
2025-01-19T21:37:35+0000 [-] Connection was probably lost. Could not write to terminal
2025-01-19T21:37:36+0000 [-] Connection was probably lost. Could not write to terminal
2025-01-19T21:37:37+0000 [-] Connection was probably lost. Could not write to terminal
2025-01-19T21:37:38+0000 [-] Connection was probably lost. Could not write to terminal
2025-01-19T21:37:39+0000 [-] Connection was probably lost. Could not write to terminal
2025-01-19T21:37:40+0000 [-] Connection was probably lost. Could not write to terminal
2025-01-19T21:37:41+0000 [-] Connection was probably lost. Could not write to terminal
2025-01-19T21:37:42+0000 [-] Connection was probably lost. Could not write to terminal
2025-01-19T21:37:43+0000 [-] Connection was probably lost. Could not write to terminal
2025-01-19T21:37:44+0000 [-] Connection was probably lost. Could not write to terminal
2025-01-19T21:37:45+0000 [-] Connection was probably lost. Could not write to terminal
2025-01-19T21:37:46+0000 [-] Connection was probably lost. Could not write to terminal
2025-01-19T21:37:47+0000 [-] Connection was probably lost. Could not write to terminal
2025-01-19T21:37:48+0000 [-] Connection was probably lost. Could not write to terminal
2025-01-19T21:37:49+0000 [-] Connection was probably lost. Could not write to terminal
2025-01-19T21:37:50+0000 [-] Connection was probably lost. Could not write to terminal
2025-01-19T21:37:51+0000 [-] Connection was probably lost. Could not write to terminal
2025-01-19T21:37:52+0000 [-] Connection was probably lost. Could not write to terminal
2025-01-19T21:37:53+0000 [-] Connection was probably lost. Could not write to terminal
2025-01-19T21:37:54+0000 [-] Connection was probably lost. Could not write to terminal
2025-01-19T21:37:55+0000 [-] Connection was probably lost. Could not write to terminal
2025-01-19T21:37:56+0000 [-] Connection was probably lost. Could not write to terminal
2025-01-19T21:37:57+0000 [-] Connection was probably lost. Could not write to terminal
2025-01-19T21:37:58+0000 [-] Connection was probably lost. Could not write to terminal
2025-01-19T21:37:59+0000 [-] Connection was probably lost. Could not write to terminal
2025-01-19T21:38:00+0000 [-] Connection was probably lost. Could not write to terminal
2025-01-19T21:38:01+0000 [-] Connection was probably lost. Could not write to terminal
2025-01-19T21:38:02+0000 [-] Connection was probably lost. Could not write to terminal
2025-01-19T21:38:03+0000 [-] Connection was probably lost. Could not write to terminal
2025-01-19T21:38:04+0000 [-] Connection was probably lost. Could not write to terminal
2025-01-19T21:38:05+0000 [-] Connection was probably lost. Could not write to terminal
2025-01-19T21:38:06+0000 [-] Connection was probably lost. Could not write to terminal
2025-01-19T21:38:07+0000 [-] Connection was probably lost. Could not write to terminal
2025-01-19T21:38:08+0000 [-] Connection was probably lost. Could not write to terminal
2025-01-19T21:38:09+0000 [-] Connection was probably lost. Could not write to terminal
2025-01-19T21:38:10+0000 [-] Connection was probably lost. Could not write to terminal
2025-01-19T21:38:11+0000 [-] Connection was probably lost. Could not write to terminal
2025-01-19T21:38:12+0000 [-] Connection was probably lost. Could not write to terminal
2025-01-19T21:38:13+0000 [-] Connection was probably lost. Could not write to terminal
2025-01-19T21:38:14+0000 [-] Connection was probably lost. Could not write to terminal
2025-01-19T21:38:15+0000 [-] Connection was probably lost. Could not write to terminal
2025-01-19T21:38:16+0000 [-] Connection was probably lost. Could not write to terminal
2025-01-19T21:38:17+0000 [-] Connection was probably lost. Could not write to terminal
2025-01-19T21:38:18+0000 [-] Connection was probably lost. Could not write to terminal
2025-01-19T21:38:19+0000 [-] Connection was probably lost. Could not write to terminal
2025-01-19T21:38:20+0000 [-] Connection was probably lost. Could not write to terminal
2025-01-19T21:38:21+0000 [-] Connection was probably lost. Could not write to terminal
2025-01-19T21:38:22+0000 [-] Connection was probably lost. Could not write to terminal
2025-01-19T21:38:23+0000 [-] Connection was probably lost. Could not write to terminal
2025-01-19T21:38:24+0000 [-] Connection was probably lost. Could not write to terminal
2025-01-19T21:38:25+0000 [-] Connection was probably lost. Could not write to terminal
2025-01-19T21:38:26+0000 [-] Connection was probably lost. Could not write to terminal
2025-01-19T21:38:27+0000 [-] Connection was probably lost. Could not write to terminal
2025-01-19T21:38:28+0000 [-] Connection was probably lost. Could not write to terminal
2025-01-19T21:38:29+0000 [-] Connection was probably lost. Could not write to terminal
2025-01-19T21:38:30+0000 [-] Connection was probably lost. Could not write to terminal
2025-01-19T21:38:31+0000 [-] Connection was probably lost. Could not write to terminal
2025-01-19T21:38:32+0000 [-] Connection was probably lost. Could not write to terminal
2025-01-19T21:38:33+0000 [-] Connection was probably lost. Could not write to terminal
2025-01-19T21:38:34+0000 [-] Connection was probably lost. Could not write to terminal
2025-01-19T21:38:35+0000 [-] Connection was probably lost. Could not write to terminal
2025-01-19T21:38:36+0000 [-] Connection was probably lost. Could not write to terminal
2025-01-19T21:38:37+0000 [-] Connection was probably lost. Could not write to terminal
2025-01-19T21:38:38+0000 [-] Connection was probably lost. Could not write to terminal
2025-01-19T21:38:39+0000 [-] Connection was probably lost. Could not write to terminal
2025-01-19T21:38:40+0000 [-] Connection was probably lost. Could not write to terminal
2025-01-19T21:38:41+0000 [-] Connection was probably lost. Could not write to terminal
2025-01-19T21:38:42+0000 [-] Connection was probably lost. Could not write to terminal
2025-01-19T21:38:43+0000 [-] Connection was probably lost. Could not write to terminal
2025-01-19T21:38:44+0000 [-] Connection was probably lost. Could not write to terminal
2025-01-19T21:38:45+0000 [-] Connection was probably lost. Could not write to terminal
2025-01-19T21:38:46+0000 [-] Connection was probably lost. Could not write to terminal
2025-01-19T21:38:47+0000 [-] Connection was probably lost. Could not write to terminal
2025-01-19T21:38:48+0000 [-] Connection was probably lost. Could not write to terminal
2025-01-19T21:38:49+0000 [-] Connection was probably lost. Could not write to terminal
2025-01-19T21:38:50+0000 [-] Connection was probably lost. Could not write to terminal
2025-01-19T21:38:51+0000 [-] Connection was probably lost. Could not write to terminal
2025-01-19T21:38:52+0000 [-] Connection was probably lost. Could not write to terminal
2025-01-19T21:38:53+0000 [-] Connection was probably lost. Could not write to terminal
2025-01-19T21:38:54+0000 [-] Connection was probably lost. Could not write to terminal
2025-01-19T21:38:55+0000 [-] Connection was probably lost. Could not write to terminal
2025-01-19T21:38:56+0000 [-] Connection was probably lost. Could not write to terminal
2025-01-19T21:38:57+0000 [-] Connection was probably lost. Could not write to terminal
2025-01-19T21:38:58+0000 [-] Connection was probably lost. Could not write to terminal
2025-01-19T21:38:59+0000 [-] Connection was probably lost. Could not write to terminal
2025-01-19T21:39:00+0000 [-] Connection was probably lost. Could not write to terminal
2025-01-19T21:39:01+0000 [-] Connection was probably lost. Could not write to terminal
2025-01-19T21:39:02+0000 [-] Connection was probably lost. Could not write to terminal
2025-01-19T21:39:03+0000 [-] Connection was probably lost. Could not write to terminal
2025-01-19T21:39:05+0000 [-] Connection was probably lost. Could not write to terminal
2025-01-19T21:39:06+0000 [-] Connection was probably lost. Could not write to terminal
2025-01-19T21:39:07+0000 [-] Connection was probably lost. Could not write to terminal
2025-01-19T21:39:08+0000 [-] Connection was probably lost. Could not write to terminal
2025-01-19T21:39:09+0000 [-] Connection was probably lost. Could not write to terminal
2025-01-19T21:39:10+0000 [-] Connection was probably lost. Could not write to terminal
2025-01-19T21:39:11+0000 [-] Connection was probably lost. Could not write to terminal
2025-01-19T21:39:12+0000 [-] Connection was probably lost. Could not write to terminal
2025-01-19T21:39:13+0000 [-] Connection was probably lost. Could not write to terminal
2025-01-19T21:39:14+0000 [-] Connection was probably lost. Could not write to terminal
2025-01-19T21:39:15+0000 [-] Connection was probably lost. Could not write to terminal
2025-01-19T21:39:16+0000 [-] Connection was probably lost. Could not write to terminal
2025-01-19T21:39:17+0000 [-] Connection was probably lost. Could not write to terminal
2025-01-19T21:39:18+0000 [-] Connection was probably lost. Could not write to terminal
2025-01-19T21:39:19+0000 [-] Connection was probably lost. Could not write to terminal
2025-01-19T21:39:20+0000 [-] Connection was probably lost. Could not write to terminal
2025-01-19T21:39:21+0000 [-] Connection was probably lost. Could not write to terminal
2025-01-19T21:39:22+0000 [-] Connection was probably lost. Could not write to terminal
2025-01-19T21:39:23+0000 [-] Connection was probably lost. Could not write to terminal
2025-01-19T21:39:24+0000 [-] Connection was probably lost. Could not write to terminal
2025-01-19T21:39:25+0000 [-] Connection was probably lost. Could not write to terminal
2025-01-19T21:39:26+0000 [-] Connection was probably lost. Could not write to terminal
2025-01-19T21:39:27+0000 [-] Connection was probably lost. Could not write to terminal
2025-01-19T21:39:28+0000 [-] Connection was probably lost. Could not write to terminal
2025-01-19T21:39:29+0000 [-] Connection was probably lost. Could not write to terminal
2025-01-19T21:39:30+0000 [-] Connection was probably lost. Could not write to terminal
2025-01-19T21:39:31+0000 [-] Connection was probably lost. Could not write to terminal
2025-01-19T21:39:32+0000 [-] Connection was probably lost. Could not write to terminal
2025-01-19T21:39:33+0000 [-] Connection was probably lost. Could not write to terminal
2025-01-19T21:39:34+0000 [-] Connection was probably lost. Could not write to terminal
2025-01-19T21:39:35+0000 [-] Connection was probably lost. Could not write to terminal
2025-01-19T21:39:36+0000 [-] Connection was probably lost. Could not write to terminal
2025-01-19T21:39:37+0000 [-] Connection was probably lost. Could not write to terminal
2025-01-19T21:39:38+0000 [-] Connection was probably lost. Could not write to terminal
2025-01-19T21:39:39+0000 [-] Connection was probably lost. Could not write to terminal
2025-01-19T21:39:40+0000 [-] Connection was probably lost. Could not write to terminal
2025-01-19T21:39:41+0000 [-] Connection was probably lost. Could not write to terminal
2025-01-19T21:39:42+0000 [-] Connection was probably lost. Could not write to terminal
2025-01-19T21:39:43+0000 [-] Connection was probably lost. Could not write to terminal
2025-01-19T21:39:44+0000 [-] Connection was probably lost. Could not write to terminal
2025-01-19T21:39:45+0000 [-] Connection was probably lost. Could not write to terminal
2025-01-19T21:39:46+0000 [-] Connection was probably lost. Could not write to terminal
2025-01-19T21:39:47+0000 [-] Connection was probably lost. Could not write to terminal
2025-01-19T21:39:48+0000 [-] Connection was probably lost. Could not write to terminal
2025-01-19T21:39:49+0000 [-] Connection was probably lost. Could not write to terminal
2025-01-19T21:39:50+0000 [-] Connection was probably lost. Could not write to terminal
2025-01-19T21:39:51+0000 [-] Connection was probably lost. Could not write to terminal
2025-01-19T21:39:52+0000 [-] Connection was probably lost. Could not write to terminal
2025-01-19T21:39:53+0000 [-] Connection was probably lost. Could not write to terminal
2025-01-19T21:39:54+0000 [-] Connection was probably lost. Could not write to terminal
2025-01-19T21:39:55+0000 [-] Connection was probably lost. Could not write to terminal
2025-01-19T21:39:56+0000 [-] Connection was probably lost. Could not write to terminal
2025-01-19T21:39:57+0000 [-] Connection was probably lost. Could not write to terminal
2025-01-19T21:39:58+0000 [-] Connection was probably lost. Could not write to terminal
2025-01-19T21:39:59+0000 [-] Connection was probably lost. Could not write to terminal
2025-01-19T21:40:00+0000 [-] Connection was probably lost. Could not write to terminal
2025-01-19T21:40:01+0000 [-] Connection was probably lost. Could not write to terminal
2025-01-19T21:40:02+0000 [-] Connection was probably lost. Could not write to terminal
2025-01-19T21:40:03+0000 [-] Connection was probably lost. Could not write to terminal
2025-01-19T21:40:04+0000 [-] Connection was probably lost. Could not write to terminal
2025-01-19T21:40:05+0000 [-] Connection was probably lost. Could not write to terminal
2025-01-19T21:40:06+0000 [-] Connection was probably lost. Could not write to terminal
2025-01-19T21:40:07+0000 [-] Connection was probably lost. Could not write to terminal
2025-01-19T21:40:08+0000 [-] Connection was probably lost. Could not write to terminal
2025-01-19T21:40:09+0000 [-] Connection was probably lost. Could not write to terminal
2025-01-19T21:40:10+0000 [-] Connection was probably lost. Could not write to terminal
2025-01-19T21:40:11+0000 [-] Connection was probably lost. Could not write to terminal
2025-01-19T21:40:12+0000 [-] Connection was probably lost. Could not write to terminal
2025-01-19T21:40:13+0000 [-] Connection was probably lost. Could not write to terminal
2025-01-19T21:40:14+0000 [-] Connection was probably lost. Could not write to terminal
2025-01-19T21:40:15+0000 [-] Connection was probably lost. Could not write to terminal
2025-01-19T21:40:16+0000 [-] Connection was probably lost. Could not write to terminal
2025-01-19T21:40:17+0000 [-] Connection was probably lost. Could not write to terminal
2025-01-19T21:40:18+0000 [-] Connection was probably lost. Could not write to terminal
2025-01-19T21:40:19+0000 [-] Connection was probably lost. Could not write to terminal
2025-01-19T21:40:20+0000 [-] Connection was probably lost. Could not write to terminal
2025-01-19T21:40:21+0000 [-] Connection was probably lost. Could not write to terminal
2025-01-19T21:40:22+0000 [-] Connection was probably lost. Could not write to terminal
2025-01-19T21:40:23+0000 [-] Connection was probably lost. Could not write to terminal
2025-01-19T21:40:24+0000 [-] Connection was probably lost. Could not write to terminal
2025-01-19T21:40:25+0000 [-] Connection was probably lost. Could not write to terminal
2025-01-19T21:40:26+0000 [-] Connection was probably lost. Could not write to terminal
2025-01-19T21:40:27+0000 [-] Connection was probably lost. Could not write to terminal
2025-01-19T21:40:28+0000 [-] Connection was probably lost. Could not write to terminal
2025-01-19T21:40:29+0000 [-] Connection was probably lost. Could not write to terminal
2025-01-19T21:40:30+0000 [-] Connection was probably lost. Could not write to terminal
2025-01-19T21:40:31+0000 [-] Connection was probably lost. Could not write to terminal
2025-01-19T21:40:32+0000 [-] Connection was probably lost. Could not write to terminal
2025-01-19T21:40:33+0000 [-] Connection was probably lost. Could not write to terminal
2025-01-19T21:40:34+0000 [-] Connection was probably lost. Could not write to terminal
2025-01-19T21:40:35+0000 [-] Connection was probably lost. Could not write to terminal
2025-01-19T21:40:36+0000 [-] Connection was probably lost. Could not write to terminal
2025-01-19T21:40:37+0000 [-] Connection was probably lost. Could not write to terminal
2025-01-19T21:40:38+0000 [-] Connection was probably lost. Could not write to terminal
2025-01-19T21:40:39+0000 [-] Connection was probably lost. Could not write to terminal
2025-01-19T21:40:40+0000 [-] Connection was probably lost. Could not write to terminal
2025-01-19T21:40:41+0000 [-] Connection was probably lost. Could not write to terminal
2025-01-19T21:40:42+0000 [-] Connection was probably lost. Could not write to terminal
2025-01-19T21:40:43+0000 [-] Connection was probably lost. Could not write to terminal
2025-01-19T21:40:44+0000 [-] Connection was probably lost. Could not write to terminal
2025-01-19T21:40:45+0000 [-] Connection was probably lost. Could not write to terminal
2025-01-19T21:40:46+0000 [-] Connection was probably lost. Could not write to terminal
2025-01-19T21:40:47+0000 [-] Connection was probably lost. Could not write to terminal
2025-01-19T21:40:48+0000 [-] Connection was probably lost. Could not write to terminal
2025-01-19T21:40:49+0000 [-] Connection was probably lost. Could not write to terminal
2025-01-19T21:40:50+0000 [-] Connection was probably lost. Could not write to terminal
2025-01-19T21:40:51+0000 [-] Connection was probably lost. Could not write to terminal
2025-01-19T21:40:52+0000 [-] Connection was probably lost. Could not write to terminal
2025-01-19T21:40:53+0000 [-] Connection was probably lost. Could not write to terminal
2025-01-19T21:40:54+0000 [-] Connection was probably lost. Could not write to terminal
2025-01-19T21:40:55+0000 [-] Connection was probably lost. Could not write to terminal
2025-01-19T21:40:56+0000 [-] Connection was probably lost. Could not write to terminal
2025-01-19T21:40:57+0000 [-] Connection was probably lost. Could not write to terminal
2025-01-19T21:40:58+0000 [-] Connection was probably lost. Could not write to terminal
2025-01-19T21:40:59+0000 [-] Connection was probably lost. Could not write to terminal
2025-01-19T21:41:00+0000 [-] Connection was probably lost. Could not write to terminal
2025-01-19T21:41:01+0000 [-] Connection was probably lost. Could not write to terminal
2025-01-19T21:41:02+0000 [-] Connection was probably lost. Could not write to terminal
2025-01-19T21:41:03+0000 [-] Connection was probably lost. Could not write to terminal
2025-01-19T21:41:04+0000 [-] Connection was probably lost. Could not write to terminal
2025-01-19T21:41:05+0000 [-] Connection was probably lost. Could not write to terminal
2025-01-19T21:41:06+0000 [-] Connection was probably lost. Could not write to terminal
2025-01-19T21:41:07+0000 [-] Connection was probably lost. Could not write to terminal
2025-01-19T21:41:08+0000 [-] Connection was probably lost. Could not write to terminal
2025-01-19T21:41:09+0000 [-] Connection was probably lost. Could not write to terminal
2025-01-19T21:41:10+0000 [-] Connection was probably lost. Could not write to terminal
2025-01-19T21:41:11+0000 [-] Connection was probably lost. Could not write to terminal
2025-01-19T21:41:12+0000 [-] Connection was probably lost. Could not write to terminal
2025-01-19T21:41:13+0000 [-] Connection was probably lost. Could not write to terminal
2025-01-19T21:41:14+0000 [-] Connection was probably lost. Could not write to terminal
2025-01-19T21:41:15+0000 [-] Connection was probably lost. Could not write to terminal
2025-01-19T21:41:16+0000 [-] Connection was probably lost. Could not write to terminal
2025-01-19T21:41:17+0000 [-] Connection was probably lost. Could not write to terminal
2025-01-19T21:41:18+0000 [-] Connection was probably lost. Could not write to terminal
2025-01-19T21:41:19+0000 [-] Connection was probably lost. Could not write to terminal
2025-01-19T21:41:20+0000 [-] Connection was probably lost. Could not write to terminal
2025-01-19T21:41:21+0000 [-] Connection was probably lost. Could not write to terminal
2025-01-19T21:41:22+0000 [-] Connection was probably lost. Could not write to terminal
2025-01-19T21:41:23+0000 [-] Connection was probably lost. Could not write to terminal
2025-01-19T21:41:24+0000 [-] Connection was probably lost. Could not write to terminal
2025-01-19T21:41:25+0000 [-] Connection was probably lost. Could not write to terminal
2025-01-19T21:41:26+0000 [-] Connection was probably lost. Could not write to terminal
2025-01-19T21:41:27+0000 [-] Connection was probably lost. Could not write to terminal
2025-01-19T21:41:28+0000 [-] Connection was probably lost. Could not write to terminal
2025-01-19T21:41:29+0000 [-] Connection was probably lost. Could not write to terminal
2025-01-19T21:41:30+0000 [-] Connection was probably lost. Could not write to terminal
2025-01-19T21:41:31+0000 [-] Connection was probably lost. Could not write to terminal
2025-01-19T21:41:32+0000 [-] Connection was probably lost. Could not write to terminal
2025-01-19T21:41:33+0000 [-] Connection was probably lost. Could not write to terminal
2025-01-19T21:41:34+0000 [-] Connection was probably lost. Could not write to terminal
2025-01-19T21:41:35+0000 [-] Connection was probably lost. Could not write to terminal
2025-01-19T21:41:36+0000 [-] Connection was probably lost. Could not write to terminal
2025-01-19T21:41:37+0000 [-] Connection was probably lost. Could not write to terminal
2025-01-19T21:41:38+0000 [-] Connection was probably lost. Could not write to terminal
2025-01-19T21:41:39+0000 [-] Connection was probably lost. Could not write to terminal
2025-01-19T21:41:40+0000 [-] Connection was probably lost. Could not write to terminal
2025-01-19T21:41:41+0000 [-] Connection was probably lost. Could not write to terminal
2025-01-19T21:41:42+0000 [-] Connection was probably lost. Could not write to terminal
2025-01-19T21:41:43+0000 [-] Connection was probably lost. Could not write to terminal
2025-01-19T21:41:44+0000 [-] Connection was probably lost. Could not write to terminal
2025-01-19T21:41:45+0000 [-] Connection was probably lost. Could not write to terminal
2025-01-19T21:41:46+0000 [-] Connection was probably lost. Could not write to terminal
2025-01-19T21:41:47+0000 [-] Connection was probably lost. Could not write to terminal
2025-01-19T21:41:48+0000 [-] Connection was probably lost. Could not write to terminal
2025-01-19T21:41:49+0000 [-] Connection was probably lost. Could not write to terminal
2025-01-19T21:41:50+0000 [-] Connection was probably lost. Could not write to terminal
2025-01-19T21:41:51+0000 [-] Connection was probably lost. Could not write to terminal
2025-01-19T21:41:52+0000 [-] Connection was probably lost. Could not write to terminal
2025-01-19T21:41:53+0000 [-] Connection was probably lost. Could not write to terminal
2025-01-19T21:41:54+0000 [-] Connection was probably lost. Could not write to terminal
2025-01-19T21:41:55+0000 [-] Connection was probably lost. Could not write to terminal
2025-01-19T21:41:56+0000 [-] Connection was probably lost. Could not write to terminal
2025-01-19T21:41:57+0000 [-] Connection was probably lost. Could not write to terminal
2025-01-19T21:41:58+0000 [-] Connection was probably lost. Could not write to terminal
2025-01-19T21:41:59+0000 [-] Connection was probably lost. Could not write to terminal
2025-01-19T21:42:00+0000 [-] Connection was probably lost. Could not write to terminal
2025-01-19T21:42:01+0000 [-] Connection was probably lost. Could not write to terminal
2025-01-19T21:42:02+0000 [-] Connection was probably lost. Could not write to terminal
2025-01-19T21:42:03+0000 [-] Connection was probably lost. Could not write to terminal
2025-01-19T21:42:04+0000 [-] Connection was probably lost. Could not write to terminal
2025-01-19T21:42:05+0000 [-] Connection was probably lost. Could not write to terminal
2025-01-19T21:42:06+0000 [-] Connection was probably lost. Could not write to terminal
2025-01-19T21:42:07+0000 [-] Connection was probably lost. Could not write to terminal
2025-01-19T21:42:08+0000 [-] Connection was probably lost. Could not write to terminal
2025-01-19T21:42:09+0000 [-] Connection was probably lost. Could not write to terminal
2025-01-19T21:42:10+0000 [-] Connection was probably lost. Could not write to terminal
2025-01-19T21:42:11+0000 [-] Connection was probably lost. Could not write to terminal
2025-01-19T21:42:12+0000 [-] Connection was probably lost. Could not write to terminal
2025-01-19T21:42:13+0000 [-] Connection was probably lost. Could not write to terminal
2025-01-19T21:42:14+0000 [-] Connection was probably lost. Could not write to terminal
2025-01-19T21:42:15+0000 [-] Connection was probably lost. Could not write to terminal
2025-01-19T21:42:16+0000 [-] Connection was probably lost. Could not write to terminal
2025-01-19T21:42:17+0000 [-] Connection was probably lost. Could not write to terminal
2025-01-19T21:42:18+0000 [-] Connection was probably lost. Could not write to terminal
2025-01-19T21:42:19+0000 [-] Connection was probably lost. Could not write to terminal
2025-01-19T21:42:20+0000 [-] Connection was probably lost. Could not write to terminal
2025-01-19T21:42:21+0000 [-] Connection was probably lost. Could not write to terminal
2025-01-19T21:42:22+0000 [-] Connection was probably lost. Could not write to terminal
2025-01-19T21:42:23+0000 [-] Connection was probably lost. Could not write to terminal
2025-01-19T21:42:24+0000 [-] Connection was probably lost. Could not write to terminal
2025-01-19T21:42:25+0000 [-] Connection was probably lost. Could not write to terminal
2025-01-19T21:42:26+0000 [-] Connection was probably lost. Could not write to terminal
2025-01-19T21:42:27+0000 [-] Connection was probably lost. Could not write to terminal
2025-01-19T21:42:28+0000 [-] Connection was probably lost. Could not write to terminal
2025-01-19T21:42:29+0000 [-] Connection was probably lost. Could not write to terminal
2025-01-19T21:42:30+0000 [-] Connection was probably lost. Could not write to terminal
2025-01-19T21:42:31+0000 [-] Connection was probably lost. Could not write to terminal
2025-01-19T21:42:32+0000 [-] Connection was probably lost. Could not write to terminal
2025-01-19T21:42:33+0000 [-] Connection was probably lost. Could not write to terminal
2025-01-19T21:42:34+0000 [-] Connection was probably lost. Could not write to terminal
2025-01-19T21:42:35+0000 [-] Connection was probably lost. Could not write to terminal
2025-01-19T21:42:36+0000 [-] Connection was probably lost. Could not write to terminal
2025-01-19T21:42:37+0000 [-] Connection was probably lost. Could not write to terminal
2025-01-19T21:42:38+0000 [-] Connection was probably lost. Could not write to terminal
2025-01-19T21:42:39+0000 [-] Connection was probably lost. Could not write to terminal
2025-01-19T21:42:40+0000 [-] Connection was probably lost. Could not write to terminal
2025-01-19T21:42:41+0000 [-] Connection was probably lost. Could not write to terminal
2025-01-19T21:42:42+0000 [-] Connection was probably lost. Could not write to terminal
2025-01-19T21:42:43+0000 [-] Connection was probably lost. Could not write to terminal
2025-01-19T21:42:44+0000 [-] Connection was probably lost. Could not write to terminal
2025-01-19T21:42:45+0000 [-] Connection was probably lost. Could not write to terminal
2025-01-19T21:42:46+0000 [-] Connection was probably lost. Could not write to terminal
2025-01-19T21:42:47+0000 [-] Connection was probably lost. Could not write to terminal
2025-01-19T21:42:48+0000 [-] Connection was probably lost. Could not write to terminal
2025-01-19T21:42:49+0000 [-] Connection was probably lost. Could not write to terminal
2025-01-19T21:42:50+0000 [-] Connection was probably lost. Could not write to terminal
2025-01-19T21:42:51+0000 [-] Connection was probably lost. Could not write to terminal
2025-01-19T21:42:52+0000 [-] Connection was probably lost. Could not write to terminal
2025-01-19T21:42:53+0000 [-] Connection was probably lost. Could not write to terminal
2025-01-19T21:42:54+0000 [-] Connection was probably lost. Could not write to terminal
2025-01-19T21:42:55+0000 [-] Connection was probably lost. Could not write to terminal
2025-01-19T21:42:56+0000 [-] Connection was probably lost. Could not write to terminal
2025-01-19T21:42:57+0000 [-] Connection was probably lost. Could not write to terminal
2025-01-19T21:42:58+0000 [-] Connection was probably lost. Could not write to terminal
2025-01-19T21:42:59+0000 [-] Connection was probably lost. Could not write to terminal
2025-01-19T21:43:00+0000 [-] Connection was probably lost. Could not write to terminal
2025-01-19T21:43:01+0000 [-] Connection was probably lost. Could not write to terminal
2025-01-19T21:43:02+0000 [-] Connection was probably lost. Could not write to terminal
2025-01-19T21:43:03+0000 [-] Connection was probably lost. Could not write to terminal
2025-01-19T21:43:04+0000 [-] Connection was probably lost. Could not write to terminal
2025-01-19T21:43:05+0000 [-] Connection was probably lost. Could not write to terminal
2025-01-19T21:43:06+0000 [-] Connection was probably lost. Could not write to terminal
2025-01-19T21:43:07+0000 [-] Connection was probably lost. Could not write to terminal
2025-01-19T21:43:08+0000 [-] Connection was probably lost. Could not write to terminal
2025-01-19T21:43:09+0000 [-] Connection was probably lost. Could not write to terminal
2025-01-19T21:43:10+0000 [-] Connection was probably lost. Could not write to terminal
2025-01-19T21:43:11+0000 [-] Connection was probably lost. Could not write to terminal
2025-01-19T21:43:12+0000 [-] Connection was probably lost. Could not write to terminal
2025-01-19T21:43:13+0000 [-] Connection was probably lost. Could not write to terminal
2025-01-19T21:43:14+0000 [-] Connection was probably lost. Could not write to terminal
2025-01-19T21:43:15+0000 [-] Connection was probably lost. Could not write to terminal
2025-01-19T21:43:16+0000 [-] Connection was probably lost. Could not write to terminal
2025-01-19T21:43:17+0000 [-] Connection was probably lost. Could not write to terminal
2025-01-19T21:43:18+0000 [-] Connection was probably lost. Could not write to terminal
2025-01-19T21:43:19+0000 [-] Connection was probably lost. Could not write to terminal
2025-01-19T21:43:20+0000 [-] Connection was probably lost. Could not write to terminal
2025-01-19T21:43:21+0000 [-] Connection was probably lost. Could not write to terminal
2025-01-19T21:43:22+0000 [-] Connection was probably lost. Could not write to terminal
2025-01-19T21:43:23+0000 [-] Connection was probably lost. Could not write to terminal
2025-01-19T21:43:24+0000 [-] Connection was probably lost. Could not write to terminal
2025-01-19T21:43:25+0000 [-] Connection was probably lost. Could not write to terminal
2025-01-19T21:43:26+0000 [-] Connection was probably lost. Could not write to terminal
2025-01-19T21:43:27+0000 [-] Connection was probably lost. Could not write to terminal
2025-01-19T21:43:28+0000 [-] Connection was probably lost. Could not write to terminal
2025-01-19T21:43:29+0000 [-] Connection was probably lost. Could not write to terminal
2025-01-19T21:43:30+0000 [-] Connection was probably lost. Could not write to terminal
2025-01-19T21:43:31+0000 [-] Connection was probably lost. Could not write to terminal
2025-01-19T21:43:32+0000 [-] Connection was probably lost. Could not write to terminal
2025-01-19T21:43:33+0000 [-] Connection was probably lost. Could not write to terminal
2025-01-19T21:43:34+0000 [-] Connection was probably lost. Could not write to terminal
2025-01-19T21:43:35+0000 [-] Connection was probably lost. Could not write to terminal
2025-01-19T21:43:36+0000 [-] Connection was probably lost. Could not write to terminal
2025-01-19T21:43:37+0000 [-] Connection was probably lost. Could not write to terminal
2025-01-19T21:43:38+0000 [-] Connection was probably lost. Could not write to terminal
2025-01-19T21:43:39+0000 [-] Connection was probably lost. Could not write to terminal
2025-01-19T21:43:40+0000 [-] Connection was probably lost. Could not write to terminal
2025-01-19T21:43:41+0000 [-] Connection was probably lost. Could not write to terminal
2025-01-19T21:43:42+0000 [-] Connection was probably lost. Could not write to terminal
2025-01-19T21:43:43+0000 [-] Connection was probably lost. Could not write to terminal
2025-01-19T21:43:44+0000 [-] Connection was probably lost. Could not write to terminal
2025-01-19T21:43:45+0000 [-] Connection was probably lost. Could not write to terminal
2025-01-19T21:43:46+0000 [-] Connection was probably lost. Could not write to terminal
2025-01-19T21:43:47+0000 [-] Connection was probably lost. Could not write to terminal
2025-01-19T21:43:48+0000 [-] Connection was probably lost. Could not write to terminal
2025-01-19T21:43:49+0000 [-] Connection was probably lost. Could not write to terminal
2025-01-19T21:43:51+0000 [-] Connection was probably lost. Could not write to terminal
2025-01-19T21:43:52+0000 [-] Connection was probably lost. Could not write to terminal
2025-01-19T21:43:53+0000 [-] Connection was probably lost. Could not write to terminal
2025-01-19T21:43:54+0000 [-] Connection was probably lost. Could not write to terminal
2025-01-19T21:43:55+0000 [-] Connection was probably lost. Could not write to terminal
2025-01-19T21:43:56+0000 [-] Connection was probably lost. Could not write to terminal
2025-01-19T21:43:57+0000 [-] Connection was probably lost. Could not write to terminal
2025-01-19T21:43:58+0000 [-] Connection was probably lost. Could not write to terminal
2025-01-19T21:43:59+0000 [-] Connection was probably lost. Could not write to terminal
2025-01-19T21:44:00+0000 [-] Connection was probably lost. Could not write to terminal
2025-01-19T21:44:01+0000 [-] Connection was probably lost. Could not write to terminal
2025-01-19T21:44:02+0000 [-] Connection was probably lost. Could not write to terminal
2025-01-19T21:44:03+0000 [-] Connection was probably lost. Could not write to terminal
2025-01-19T21:44:04+0000 [-] Connection was probably lost. Could not write to terminal
2025-01-19T21:44:05+0000 [-] Connection was probably lost. Could not write to terminal
2025-01-19T21:44:06+0000 [-] Connection was probably lost. Could not write to terminal
2025-01-19T21:44:07+0000 [-] Connection was probably lost. Could not write to terminal
2025-01-19T21:44:08+0000 [-] Connection was probably lost. Could not write to terminal
2025-01-19T21:44:09+0000 [-] Connection was probably lost. Could not write to terminal
2025-01-19T21:44:10+0000 [-] Connection was probably lost. Could not write to terminal
2025-01-19T21:44:11+0000 [-] Connection was probably lost. Could not write to terminal
2025-01-19T21:44:12+0000 [-] Connection was probably lost. Could not write to terminal
2025-01-19T21:44:13+0000 [-] Connection was probably lost. Could not write to terminal
2025-01-19T21:44:14+0000 [-] Connection was probably lost. Could not write to terminal
2025-01-19T21:44:15+0000 [-] Connection was probably lost. Could not write to terminal
2025-01-19T21:44:16+0000 [-] Connection was probably lost. Could not write to terminal
2025-01-19T21:44:17+0000 [-] Connection was probably lost. Could not write to terminal
2025-01-19T21:44:18+0000 [-] Connection was probably lost. Could not write to terminal
2025-01-19T21:44:19+0000 [-] Connection was probably lost. Could not write to terminal
2025-01-19T21:44:20+0000 [-] Connection was probably lost. Could not write to terminal
2025-01-19T21:44:21+0000 [-] Connection was probably lost. Could not write to terminal
2025-01-19T21:44:22+0000 [-] Connection was probably lost. Could not write to terminal
2025-01-19T21:44:23+0000 [-] Connection was probably lost. Could not write to terminal
2025-01-19T21:44:24+0000 [-] Connection was probably lost. Could not write to terminal
2025-01-19T21:44:25+0000 [-] Connection was probably lost. Could not write to terminal
2025-01-19T21:44:26+0000 [-] Connection was probably lost. Could not write to terminal
2025-01-19T21:44:27+0000 [-] Connection was probably lost. Could not write to terminal
2025-01-19T21:44:28+0000 [-] Connection was probably lost. Could not write to terminal
2025-01-19T21:44:29+0000 [-] Connection was probably lost. Could not write to terminal
2025-01-19T21:44:30+0000 [-] Connection was probably lost. Could not write to terminal
2025-01-19T21:44:31+0000 [-] Connection was probably lost. Could not write to terminal
2025-01-19T21:44:32+0000 [-] Connection was probably lost. Could not write to terminal
2025-01-19T21:44:33+0000 [-] Connection was probably lost. Could not write to terminal
2025-01-19T21:44:34+0000 [-] Connection was probably lost. Could not write to terminal
2025-01-19T21:44:35+0000 [-] Connection was probably lost. Could not write to terminal
2025-01-19T21:44:36+0000 [-] Connection was probably lost. Could not write to terminal
2025-01-19T21:44:37+0000 [-] Connection was probably lost. Could not write to terminal
2025-01-19T21:44:38+0000 [-] Connection was probably lost. Could not write to terminal
2025-01-19T21:44:39+0000 [-] Connection was probably lost. Could not write to terminal
2025-01-19T21:44:40+0000 [-] Connection was probably lost. Could not write to terminal
2025-01-19T21:44:41+0000 [-] Connection was probably lost. Could not write to terminal
2025-01-19T21:44:42+0000 [-] Connection was probably lost. Could not write to terminal
2025-01-19T21:44:43+0000 [-] Connection was probably lost. Could not write to terminal
2025-01-19T21:44:44+0000 [-] Connection was probably lost. Could not write to terminal
2025-01-19T21:44:45+0000 [-] Connection was probably lost. Could not write to terminal
2025-01-19T21:44:46+0000 [-] Connection was probably lost. Could not write to terminal
2025-01-19T21:44:47+0000 [-] Connection was probably lost. Could not write to terminal
2025-01-19T21:44:48+0000 [-] Connection was probably lost. Could not write to terminal
2025-01-19T21:44:49+0000 [-] Connection was probably lost. Could not write to terminal
2025-01-19T21:44:50+0000 [-] Connection was probably lost. Could not write to terminal
2025-01-19T21:44:51+0000 [-] Connection was probably lost. Could not write to terminal
2025-01-19T21:44:52+0000 [-] Connection was probably lost. Could not write to terminal
2025-01-19T21:44:53+0000 [-] Connection was probably lost. Could not write to terminal
2025-01-19T21:44:54+0000 [-] Connection was probably lost. Could not write to terminal
2025-01-19T21:44:55+0000 [-] Connection was probably lost. Could not write to terminal
2025-01-19T21:44:56+0000 [-] Connection was probably lost. Could not write to terminal
2025-01-19T21:44:57+0000 [-] Connection was probably lost. Could not write to terminal
2025-01-19T21:44:58+0000 [-] Connection was probably lost. Could not write to terminal
2025-01-19T21:44:59+0000 [-] Connection was probably lost. Could not write to terminal
2025-01-19T21:45:00+0000 [-] Connection was probably lost. Could not write to terminal
2025-01-19T21:45:01+0000 [-] Connection was probably lost. Could not write to terminal
2025-01-19T21:45:02+0000 [-] Connection was probably lost. Could not write to terminal
2025-01-19T21:45:03+0000 [-] Connection was probably lost. Could not write to terminal
2025-01-19T21:45:04+0000 [-] Connection was probably lost. Could not write to terminal
2025-01-19T21:45:05+0000 [-] Connection was probably lost. Could not write to terminal
2025-01-19T21:45:06+0000 [-] Connection was probably lost. Could not write to terminal
2025-01-19T21:45:07+0000 [-] Connection was probably lost. Could not write to terminal
2025-01-19T21:45:08+0000 [-] Connection was probably lost. Could not write to terminal
2025-01-19T21:45:09+0000 [-] Connection was probably lost. Could not write to terminal
2025-01-19T21:45:10+0000 [-] Connection was probably lost. Could not write to terminal
2025-01-19T21:45:11+0000 [-] Connection was probably lost. Could not write to terminal
2025-01-19T21:45:12+0000 [-] Connection was probably lost. Could not write to terminal
2025-01-19T21:45:13+0000 [-] Connection was probably lost. Could not write to terminal
2025-01-19T21:45:14+0000 [-] Connection was probably lost. Could not write to terminal
2025-01-19T21:45:15+0000 [-] Connection was probably lost. Could not write to terminal
2025-01-19T21:45:16+0000 [-] Connection was probably lost. Could not write to terminal
2025-01-19T21:45:17+0000 [-] Connection was probably lost. Could not write to terminal
2025-01-19T21:45:18+0000 [-] Connection was probably lost. Could not write to terminal
2025-01-19T21:45:19+0000 [-] Connection was probably lost. Could not write to terminal
2025-01-19T21:45:20+0000 [-] Connection was probably lost. Could not write to terminal
2025-01-19T21:45:21+0000 [-] Connection was probably lost. Could not write to terminal
2025-01-19T21:45:22+0000 [-] Connection was probably lost. Could not write to terminal
2025-01-19T21:45:23+0000 [-] Connection was probably lost. Could not write to terminal
2025-01-19T21:45:24+0000 [-] Connection was probably lost. Could not write to terminal
2025-01-19T21:45:25+0000 [-] Connection was probably lost. Could not write to terminal
2025-01-19T21:45:26+0000 [-] Connection was probably lost. Could not write to terminal
2025-01-19T21:45:27+0000 [-] Connection was probably lost. Could not write to terminal
2025-01-19T21:45:28+0000 [-] Connection was probably lost. Could not write to terminal
2025-01-19T21:45:29+0000 [-] Connection was probably lost. Could not write to terminal
2025-01-19T21:45:30+0000 [-] Connection was probably lost. Could not write to terminal
2025-01-19T21:45:31+0000 [-] Connection was probably lost. Could not write to terminal
2025-01-19T21:45:32+0000 [twisted.internet.base#info] Received SIGINT, shutting down.
2025-01-19T21:45:32+0000 [-] (TCP Port 2222 Closed)
2025-01-19T21:45:32+0000 [cowrie.ssh.factory.CowrieSSHFactory#info] Stopping factory <cowrie.ssh.factory.CowrieSSHFactory object at 0x7f1d9469b250>
2025-01-19T21:45:32+0000 [twisted.internet.base#info] Main loop terminated.
2025-01-19T21:45:32+0000 [twisted.scripts._twistd_unix.UnixAppLogger#info] Server Shut Down.
